2024-06-19 12:49:26,033 [Worker-5: Loading available Gradle versions] INFO  o.e.b.c.i.u.g.PublishedGradleVersions - Gradle version information cache is not available. Remote download required.
2024-06-19 12:50:45,166 [Worker-1: Loading available Gradle versions] INFO  o.e.b.c.i.u.g.PublishedGradleVersions - Gradle version information cache is up-to-date. Trying to read.
2024-06-19 12:51:36,660 [Worker-20: Update Maven projects configuration] INFO  o.e.m.c.i.p.ProjectConfigurationManager - Update started
2024-06-19 12:51:37,285 [Worker-20: Update Maven projects configuration] INFO  o.e.m.c.i.l.LifecycleMappingFactory - Using org.eclipse.m2e.jdt.JarLifecycleMapping lifecycle mapping for MavenProject: org.example.modularidade:app-financeiro:1.0-SNAPSHOT @ C:\Users\NATAN MOURA\Documents\Projects\JavaModularidade\app-financeiro\pom.xml.
2024-06-19 12:51:37,934 [Worker-20: Update Maven projects configuration] INFO  o.e.m.j.i.AbstractJavaProjectConfigurator - Adding source folder /app-financeiro/src/main/java
2024-06-19 12:51:37,937 [Worker-20: Update Maven projects configuration] INFO  o.e.m.j.i.AbstractJavaProjectConfigurator - Adding resource folder /app-financeiro/src/main/resources
2024-06-19 12:51:37,946 [Worker-20: Update Maven projects configuration] INFO  o.e.m.j.i.AbstractJavaProjectConfigurator - Adding source folder /app-financeiro/src/test/java
2024-06-19 12:51:37,947 [Worker-20: Update Maven projects configuration] INFO  o.e.m.j.i.AbstractJavaProjectConfigurator - Adding resource folder /app-financeiro/src/test/resources
2024-06-19 12:51:38,282 [Worker-20: Update Maven projects configuration] INFO  o.e.m.c.i.p.ProjectConfigurationManager - Update completed for 1 poms: local refresh takes 0,00 sec, refresh facades takes 1,00 sec, update config takes 0,00 sec 
2024-06-19 12:51:38,283 [Worker-20: Update Maven projects configuration] INFO  o.e.m.c.i.p.ProjectConfigurationManager - Update started
2024-06-19 12:51:38,454 [Worker-20: Update Maven projects configuration] INFO  o.e.m.c.i.l.LifecycleMappingFactory - Using org.eclipse.m2e.jdt.JarLifecycleMapping lifecycle mapping for MavenProject: org.example.modularidade:app-calculo:1.0-SNAPSHOT @ C:\Users\NATAN MOURA\Documents\Projects\JavaModularidade\app-calculo\pom.xml.
2024-06-19 12:51:38,483 [Worker-20: Update Maven projects configuration] INFO  o.e.m.c.i.l.LifecycleMappingFactory - Using org.eclipse.m2e.jdt.JarLifecycleMapping lifecycle mapping for MavenProject: org.example.modularidade:app-financeiro:1.0-SNAPSHOT @ C:\Users\NATAN MOURA\Documents\Projects\JavaModularidade\app-financeiro\pom.xml.
2024-06-19 12:51:38,891 [Worker-20: Update Maven projects configuration] INFO  o.e.m.j.i.AbstractJavaProjectConfigurator - Adding source folder /app-calculo/src/main/java
2024-06-19 12:51:38,892 [Worker-20: Update Maven projects configuration] INFO  o.e.m.j.i.AbstractJavaProjectConfigurator - Adding resource folder /app-calculo/src/main/resources
2024-06-19 12:51:38,900 [Worker-20: Update Maven projects configuration] INFO  o.e.m.j.i.AbstractJavaProjectConfigurator - Adding source folder /app-calculo/src/test/java
2024-06-19 12:51:38,901 [Worker-20: Update Maven projects configuration] INFO  o.e.m.j.i.AbstractJavaProjectConfigurator - Adding resource folder /app-calculo/src/test/resources
2024-06-19 12:51:38,966 [Worker-20: Update Maven projects configuration] INFO  o.e.m.j.i.AbstractJavaProjectConfigurator - Adding source folder /app-financeiro/src/main/java
2024-06-19 12:51:38,967 [Worker-20: Update Maven projects configuration] INFO  o.e.m.j.i.AbstractJavaProjectConfigurator - Adding resource folder /app-financeiro/src/main/resources
2024-06-19 12:51:38,967 [Worker-20: Update Maven projects configuration] INFO  o.e.m.j.i.AbstractJavaProjectConfigurator - Adding source folder /app-financeiro/src/test/java
2024-06-19 12:51:38,968 [Worker-20: Update Maven projects configuration] INFO  o.e.m.j.i.AbstractJavaProjectConfigurator - Adding resource folder /app-financeiro/src/test/resources
2024-06-19 12:51:38,983 [Worker-20: Update Maven projects configuration] INFO  o.e.m.c.i.p.ProjectConfigurationManager - Update completed for 2 poms: local refresh takes 0,00 sec, refresh facades takes 0,00 sec, update config takes 0,00 sec 
2024-06-19 12:51:39,427 [Worker-21: Building] INFO  o.a.m.s.f.DefaultMavenResourcesFiltering - Copying 0 resource from src\main\resources to target\classes
2024-06-19 12:51:39,432 [Worker-21: Building] INFO  o.a.m.s.f.DefaultMavenResourcesFiltering - skip non existing resourceDirectory C:\Users\NATAN MOURA\Documents\Projects\JavaModularidade\app-calculo\src\test\resources
2024-06-19 12:51:39,808 [Worker-21: Building] INFO  o.a.m.s.f.DefaultMavenResourcesFiltering - Copying 0 resource from src\main\resources to target\classes
2024-06-19 12:51:39,811 [Worker-21: Building] INFO  o.a.m.s.f.DefaultMavenResourcesFiltering - skip non existing resourceDirectory C:\Users\NATAN MOURA\Documents\Projects\JavaModularidade\app-financeiro\src\test\resources
2024-06-19 12:53:25,490 [Worker-11: Loading available Gradle versions] INFO  o.e.b.c.i.u.g.PublishedGradleVersions - Gradle version information cache is up-to-date. Trying to read.
